Welcome to Nanotable!
Type "help" for more information...
Waiting for command...
Commands available: insert, init, sum, ave, rank, help, exit
Waiting for command...
Please input the student's ID...
Please input the student's score...
Waiting for command...
Please input the student's ID...
Please input the student's score...
Waiting for command...
Please input the student's ID...
Please input the student's score...
Waiting for command...
Please input the student's ID...
Please input the student's score...
Waiting for command...
Please input the student's ID...
Please input the student's score...
Waiting for command...
Please input the student's ID...
Please input the student's score...
Waiting for command...
The average of score is 75
Waiting for command...
Please input the student's ID...
Please input the student's score...
Waiting for command...
Please input the student's ID...
Please input the student's score...
Waiting for command...
Please input the student's ID...
Please input the student's score...
Waiting for command...
Please input the student's ID...
Please input the student's score...
Waiting for command...
Please input the student's ID...
Please input the student's score...
Waiting for command...
The sum of score is 810
Waiting for command...
Initializing table...
Waiting for command...
Please input the student's ID...
Please input the student's score...
Waiting for command...
The sum of score is 80
Waiting for command...
The average of score is 80
Waiting for command...
Please input the student's ID...
Please input the student's score...
Waiting for command...
The sum of score is 170
Waiting for command...
See you!
