Welcome to Nanotable!
Type "help" for more information...
Waiting for command...
Commands available: insert, init, sum, ave, rank, help, exit
Waiting for command...
The table is empty
Waiting for command...
Please input the student's ID...
Please input the student's score...
Waiting for command...
The sum of score is 70
Waiting for command...
Please input the student's ID...
Please input the student's score...
Waiting for command...
Please input the student's ID...
Please input the student's score...
Waiting for command...
Please input the student's ID...
Please input the student's score...
Waiting for command...
Please input the rank (1 - 4)...
ID: 1, Score: 70
Waiting for command...
Please input the student's ID...
Please input the student's score...
Waiting for command...
Please input the student's ID...
Please input the student's score...
Waiting for command...
The average of score is 75
Waiting for command...
Please input the student's ID...
Please input the student's score...
Waiting for command...
Please input the student's ID...
Please input the student's score...
Waiting for command...
Please input the student's ID...
Please input the student's score...
Waiting for command...
Please input the student's ID...
Please input the student's score...
Waiting for command...
Please input the student's ID...
Please input the student's score...
Waiting for command...
The sum of score is 810
Waiting for command...
Please input the student's ID...
Please input the student's score...
Waiting for command...
The sum of score is 890
Waiting for command...
The average of score is 74
Waiting for command...
Please input the student's ID...
Please input the student's score...
Waiting for command...
The sum of score is 980
Waiting for command...
See you!
