Welcome to Nanotable!
Type "help" for more information...
Waiting for command...
Commands available: insert, init, sum, ave, rank, help, exit
Waiting for command...
Please input the student's ID...
Please input the student's score...
Waiting for command...
Please input the student's ID...
Please input the student's score...
Waiting for command...
Please input the student's ID...
Please input the student's score...
Waiting for command...
Please input the student's ID...
Please input the student's score...
Waiting for command...
Please input the student's ID...
Please input the student's score...
Waiting for command...
Please input the student's ID...
Please input the student's score...
Waiting for command...
Please input the student's ID...
Please input the student's score...
Waiting for command...
Please input the student's ID...
Please input the student's score...
Waiting for command...
Please input the student's ID...
Please input the student's score...
Waiting for command...
Please input the student's ID...
Please input the student's score...
Waiting for command...
Please input the student's ID...
Please input the student's score...
Waiting for command...
The sum of score is 1510
Waiting for command...
Please input the student's ID...
Please input the student's score...
Waiting for command...
The sum of score is 1590
Waiting for command...
The average of score is 133
Waiting for command...
Please input the student's ID...
Please input the student's score...
Waiting for command...
The sum of score is 1680
Waiting for command...
Please input the rank (1 - 13)...
ID: 5, Score: 50
Waiting for command...
Please input the rank (1 - 13)...
ID: 3, Score: 60
Waiting for command...
Please input the rank (1 - 13)...
ID: 9, Score: 60
Waiting for command...
Please input the rank (1 - 13)...
ID: 1, Score: 70
Waiting for command...
Please input the rank (1 - 13)...
ID: 4, Score: 70
Waiting for command...
Please input the rank (1 - 13)...
ID: 6, Score: 70
Waiting for command...
Please input the rank (1 - 13)...
ID: 8, Score: 70
Waiting for command...
Please input the rank (1 - 13)...
ID: 10, Score: 70
Waiting for command...
Please input the rank (1 - 13)...
ID: 13, Score: 80
Waiting for command...
Please input the rank (1 - 13)...
ID: 12, Score: 90
Waiting for command...
Please input the rank (1 - 13)...
ID: 14, Score: 90
Waiting for command...
Please input the rank (1 - 13)...
ID: 2, Score: 100
Waiting for command...
Please input the rank (1 - 13)...
ID: 7, Score: 800
Waiting for command...
Please input the rank (1 - 13)...
Invalid rank: 14
Please input the rank (1 - 13)...
ID: 5, Score: 50
Waiting for command...
See you!
