Enter no of rows and cols:Enter the data:
No of peaks: 1
No of valleys: 1
Peaks and Valleys map
0 0 0 0 0 0 0 0 0 0 
0 0 0 0 0 0 0 0 0 0 
0 0 0 0 0 0 0 0 0 0 
0 0 0 0 0 0 0 0 0 0 
0 0 0 0 0 0 0 0 0 0 
0 0 0 0 0 0 0 2 0 0 
0 0 0 0 0 0 0 0 0 0 
0 0 0 0 0 0 1 0 0 0 
0 0 0 0 0 0 0 0 0 0 
0 0 0 0 0 0 0 0 0 0 
Hiking map
1 1 0 0 0 0 0 1 0 0 
1 1 1 0 0 0 1 1 0 0 
0 0 1 0 0 0 1 1 1 0 
0 0 1 1 0 0 0 0 1 0 
0 0 0 1 0 0 0 0 1 0 
0 0 0 1 1 0 0 0 1 1 
0 0 0 0 1 1 0 0 1 1 
0 0 0 0 1 1 0 0 0 1 
0 0 0 0 0 1 1 1 1 1 
0 0 0 0 0 0 0 0 0 0 
