Welcome to Nanotable!
Type "help" for more information...
Waiting for command...
Commands available: sum, ave, help, exit
Waiting for command...
Commands available: sum, ave, help, exit
Waiting for command...
Please indicate the number of integers:
Please input the 1st number:
Please input the 2nd number:
Please input the 3rd number:
sum is 8
Waiting for command...
Please indicate the number of integers:
Please input the 1st number:
Please input the 2nd number:
Please input the 3rd number:
average is 3
Waiting for command...
No such command: test, please input command again!
Waiting for command...
Commands available: sum, ave, help, exit
Waiting for command...
See you!
